=== Job started at Sun  8 Mar 17:06:09 GMT 2026 ===
Node: vm-he-a100.doc.ic.ac.uk
Job ID: 223599
CUDA available — using GPU.
LR Train : (167, 12720)
HR Train : (167, 35778)
LR Test  : (112, 12720)
Anti-vectorizing data into adjacency matrices...
Building PyG graphs...
Built 167 source, 167 target graphs
Precomputing dual graph edge index from fully-connected HR graph...
  Dual graph: 35778 nodes, 19033896 edges

Hyperparameters:
  hidden_dim=32, num_heads=4, dropout=0.2
  lr=0.001, batch_size=16, max_epochs=300
  patience=7, warm_up_epochs=30


============================================================
FOLD 1/3  (train: 111, test: 56)
============================================================
  Epoch   1/300 | Loss: 0.274225 | Best: 0.274225 | Patience: 0/7
  Epoch  25/300 | Loss: 0.179078 | Best: 0.179078 | Patience: 0/7
  Epoch  50/300 | Loss: 0.164709 | Best: 0.164709 | Patience: 0/7
  Epoch  75/300 | Loss: 0.154064 | Best: 0.154064 | Patience: 0/7
  Epoch 100/300 | Loss: 0.146225 | Best: 0.146225 | Patience: 0/7
  Epoch 125/300 | Loss: 0.139710 | Best: 0.139710 | Patience: 0/7
  Epoch 150/300 | Loss: 0.136305 | Best: 0.136305 | Patience: 0/7
  Epoch 175/300 | Loss: 0.133802 | Best: 0.133802 | Patience: 0/7
  Epoch 200/300 | Loss: 0.128023 | Best: 0.128023 | Patience: 0/7
  Epoch 225/300 | Loss: 0.112823 | Best: 0.112823 | Patience: 0/7
  Epoch 250/300 | Loss: 0.102109 | Best: 0.102109 | Patience: 0/7
  Epoch 275/300 | Loss: 0.096612 | Best: 0.096612 | Patience: 0/7
  Epoch 300/300 | Loss: 0.092243 | Best: 0.092243 | Patience: 0/7

  Fold 1 Results (31.8 min):
    MAE: 0.136651
    PCC: 0.626393
    JSD: 0.306623
    MAE_PC: 0.000605
    MAE_EC: 0.013936
    MAE_BC: 0.020076
    MAE_CC: 0.063839
    MAE_Clust: 0.051412

============================================================
FOLD 2/3  (train: 111, test: 56)
============================================================
  Epoch   1/300 | Loss: 0.238621 | Best: 0.238621 | Patience: 0/7
  Epoch  25/300 | Loss: 0.135893 | Best: 0.135893 | Patience: 0/7
  Epoch  50/300 | Loss: 0.114420 | Best: 0.114420 | Patience: 0/7
  Epoch  75/300 | Loss: 0.102796 | Best: 0.102796 | Patience: 0/7
  Epoch 100/300 | Loss: 0.096198 | Best: 0.096198 | Patience: 0/7
  Epoch 125/300 | Loss: 0.092627 | Best: 0.092167 | Patience: 5/7
  Epoch 150/300 | Loss: 0.087778 | Best: 0.087778 | Patience: 0/7
  Epoch 175/300 | Loss: 0.084969 | Best: 0.084969 | Patience: 0/7
  Early stopping at epoch 192

  Fold 2 Results (28.5 min):
    MAE: 0.154656
    PCC: 0.563302
    JSD: 0.330034
    MAE_PC: 0.000644
    MAE_EC: 0.015758
    MAE_BC: 0.020838
    MAE_CC: 0.073855
    MAE_Clust: 0.056131

============================================================
FOLD 3/3  (train: 112, test: 55)
============================================================
  Epoch   1/300 | Loss: 0.251071 | Best: 0.251071 | Patience: 0/7
  Epoch  25/300 | Loss: 0.169143 | Best: 0.169143 | Patience: 0/7
  Epoch  50/300 | Loss: 0.153507 | Best: 0.153507 | Patience: 0/7
  Epoch  75/300 | Loss: 0.144340 | Best: 0.144340 | Patience: 0/7
  Epoch 100/300 | Loss: 0.139638 | Best: 0.139638 | Patience: 0/7
  Epoch 125/300 | Loss: 0.136681 | Best: 0.136681 | Patience: 0/7
  Epoch 150/300 | Loss: 0.134619 | Best: 0.134619 | Patience: 0/7
  Epoch 175/300 | Loss: 0.132614 | Best: 0.132614 | Patience: 0/7
  Epoch 200/300 | Loss: 0.128289 | Best: 0.128289 | Patience: 0/7
  Epoch 225/300 | Loss: 0.111420 | Best: 0.111420 | Patience: 0/7
  Epoch 250/300 | Loss: 0.101221 | Best: 0.101221 | Patience: 0/7
  Epoch 275/300 | Loss: 0.095149 | Best: 0.095149 | Patience: 0/7
  Epoch 300/300 | Loss: 0.091661 | Best: 0.091661 | Patience: 0/7

  Fold 3 Results (32.0 min):
    MAE: 0.143185
    PCC: 0.598690
    JSD: 0.311939
    MAE_PC: 0.000613
    MAE_EC: 0.014459
    MAE_BC: 0.020460
    MAE_CC: 0.064925
    MAE_Clust: 0.047979

Total 3-fold CV time: 5537.6s (92.3 min)
RAM usage: 1919 MB

======================================================================
DEFEND BASELINE — Average ± Std Across 3 Folds
======================================================================
  MAE         : 0.144830 ± 0.007442
  PCC         : 0.596128 ± 0.025820
  JSD         : 0.316199 ± 0.010021
  MAE(PC)     : 0.000621 ± 0.000017
  MAE(EC)     : 0.014718 ± 0.000766
  MAE(BC)     : 0.020458 ± 0.000311
  MAE(CC)     : 0.067540 ± 0.004488
  MAE(Clust)  : 0.051841 ± 0.003342
Saved predictions_baseline_fold_1.csv — 2003568 entries
Saved predictions_baseline_fold_2.csv — 2003568 entries
Saved predictions_baseline_fold_3.csv — 1967790 entries
Saved cv_barplots_baseline.png
Saved baseline_results.txt

Done.
=== Job finished at Sun  8 Mar 18:40:15 GMT 2026 ===
